<?xml version="1.0" encoding="UTF-8"?>
<testng-results skipped="0" failed="1" total="1" passed="0">
  <reporter-output>
  </reporter-output>
  <suite name="Default suite" duration-ms="137" started-at="2019-06-08T21:00:56Z" finished-at="2019-06-08T21:00:56Z">
    <groups>
    </groups>
    <test name="Default test" duration-ms="137" started-at="2019-06-08T21:00:56Z" finished-at="2019-06-08T21:00:56Z">
      <class name="com.automation.modulescript.LoginLogoutScript">
        <test-method status="PASS" signature="browserLaunch()[pri:0, instance:com.automation.modulescript.LoginLogoutScript@167c1fc]" name="browserLaunch" is-config="true" duration-ms="13722" started-at="2019-06-09T02:30:42Z" finished-at="2019-06-09T02:30:56Z">
          <reporter-output>
          </reporter-output>
        </test-method> <!-- browserLaunch -->
        <test-method status="PASS" signature="loadFiles()[pri:0, instance:com.automation.modulescript.LoginLogoutScript@167c1fc]" name="loadFiles" is-config="true" duration-ms="85" started-at="2019-06-09T02:30:56Z" finished-at="2019-06-09T02:30:56Z">
          <reporter-output>
          </reporter-output>
        </test-method> <!-- loadFiles -->
        <test-method status="FAIL" signature="loginDetails()[pri:0, instance:com.automation.modulescript.LoginLogoutScript@167c1fc]" name="loginDetails" duration-ms="11" started-at="2019-06-09T02:30:56Z" finished-at="2019-06-09T02:30:56Z">
          <exception class="java.lang.NullPointerException">
            <full-stacktrace>
              <![CDATA[java.lang.NullPointerException
	at org.openqa.selenium.support.pagefactory.DefaultElementLocator.findElement(DefaultElementLocator.java:69)
	at org.openqa.selenium.support.pagefactory.internal.LocatingElementHandler.invoke(LocatingElementHandler.java:38)
	at com.sun.proxy.$Proxy7.sendKeys(Unknown Source)
	at com.automation.utills.SeleniumCore.enterText(SeleniumCore.java:11)
	at com.automation.moduleutils.LoginLogoutUtils.appLogin(LoginLogoutUtils.java:23)
	at com.automation.modulescript.LoginLogoutScript.loginDetails(LoginLogoutScript.java:29)
	at sun.reflect.NativeMethodAccessorImpl.invoke0(Native Method)
	at sun.reflect.NativeMethodAccessorImpl.invoke(NativeMethodAccessorImpl.java:62)
	at sun.reflect.DelegatingMethodAccessorImpl.invoke(DelegatingMethodAccessorImpl.java:43)
	at java.lang.reflect.Method.invoke(Method.java:498)
	at org.testng.internal.MethodInvocationHelper.invokeMethod(MethodInvocationHelper.java:80)
	at org.testng.internal.Invoker.invokeMethod(Invoker.java:714)
	at org.testng.internal.Invoker.invokeTestMethod(Invoker.java:901)
	at org.testng.internal.Invoker.invokeTestMethods(Invoker.java:1231)
	at org.testng.internal.TestMethodWorker.invokeTestMethods(TestMethodWorker.java:127)
	at org.testng.internal.TestMethodWorker.run(TestMethodWorker.java:111)
	at org.testng.TestRunner.privateRun(TestRunner.java:767)
	at org.testng.TestRunner.run(TestRunner.java:617)
	at org.testng.SuiteRunner.runTest(SuiteRunner.java:334)
	at org.testng.SuiteRunner.runSequentially(SuiteRunner.java:329)
	at org.testng.SuiteRunner.privateRun(SuiteRunner.java:291)
	at org.testng.SuiteRunner.run(SuiteRunner.java:240)
	at org.testng.SuiteRunnerWorker.runSuite(SuiteRunnerWorker.java:52)
	at org.testng.SuiteRunnerWorker.run(SuiteRunnerWorker.java:86)
	at org.testng.TestNG.runSuitesSequentially(TestNG.java:1198)
	at org.testng.TestNG.runSuitesLocally(TestNG.java:1123)
	at org.testng.TestNG.run(TestNG.java:1031)
	at org.testng.remote.AbstractRemoteTestNG.run(AbstractRemoteTestNG.java:114)
	at org.testng.remote.RemoteTestNG.initAndRun(RemoteTestNG.java:251)
	at org.testng.remote.RemoteTestNG.main(RemoteTestNG.java:77)
]]>
            </full-stacktrace>
          </exception> <!-- java.lang.NullPointerException -->
          <reporter-output>
          </reporter-output>
        </test-method> <!-- loginDetails -->
      </class> <!-- com.automation.modulescript.LoginLogoutScript -->
    </test> <!-- Default test -->
  </suite> <!-- Default suite -->
</testng-results>
